<?xml version="1.0" encoding="UTF-8"?>
<testsuite name="fr.uvsq.doosa.gradletuto.MainTest" tests="1" skipped="0" failures="0" errors="0" timestamp="2015-10-02T22:52:27" hostname="PC_Jihad" time="0.145">
  <properties/>
  <testcase name="shouldReturnHello" classname="fr.uvsq.doosa.gradletuto.MainTest" time="0.145"/>
  <system-out><![CDATA[]]></system-out>
  <system-err><![CDATA[]]></system-err>
</testsuite>
